<?xml version="1.0" encoding="UTF-8"?>
<testng-results skipped="0" failed="0" total="2" passed="2">
  <reporter-output>
  </reporter-output>
  <suite name="Suite" duration-ms="20754" started-at="2023-02-07T05:48:56Z" finished-at="2023-02-07T05:49:17Z">
    <groups>
      <group name="SmokeTest">
        <method signature="LoginPageTest.verifyLoginWithValidUserNameAndPassword()[pri:0, instance:com.obsqura.ProjectServiceApp.LoginPageTest@402e37bc]" name="verifyLoginWithValidUserNameAndPassword" class="com.obsqura.ProjectServiceApp.LoginPageTest"/>
      </group> <!-- SmokeTest -->
      <group name="RegressionTest">
        <method signature="LoginPageTest.verifyLoginWithInValidUserNameAndPassword()[pri:0, instance:com.obsqura.ProjectServiceApp.LoginPageTest@402e37bc]" name="verifyLoginWithInValidUserNameAndPassword" class="com.obsqura.ProjectServiceApp.LoginPageTest"/>
      </group> <!-- RegressionTest -->
    </groups>
    <test name="Test" duration-ms="20754" started-at="2023-02-07T05:48:56Z" finished-at="2023-02-07T05:49:17Z">
      <class name="com.obsqura.ProjectServiceApp.LoginPageTest">
        <test-method status="PASS" signature="initialiseBrowser(java.lang.String)[pri:0, instance:com.obsqura.ProjectServiceApp.LoginPageTest@402e37bc]" name="initialiseBrowser" is-config="true" duration-ms="7440" started-at="2023-02-07T11:18:56Z" finished-at="2023-02-07T11:19:04Z">
          <params>
            <param index="0">
              <value>
                <![CDATA[chrome]]>
              </value>
            </param>
          </params>
          <reporter-output>
          </reporter-output>
        </test-method> <!-- initialiseBrowser -->
        <test-method status="PASS" signature="verifyLoginWithInValidUserNameAndPassword()[pri:0, instance:com.obsqura.ProjectServiceApp.LoginPageTest@402e37bc]" name="verifyLoginWithInValidUserNameAndPassword" duration-ms="2955" started-at="2023-02-07T11:19:04Z" description="Login With InValid UserName And Password" finished-at="2023-02-07T11:19:07Z">
          <reporter-output>
          </reporter-output>
        </test-method> <!-- verifyLoginWithInValidUserNameAndPassword -->
        <test-method status="PASS" signature="browserQuit(org.testng.ITestResult)[pri:0, instance:com.obsqura.ProjectServiceApp.LoginPageTest@402e37bc]" name="browserQuit" is-config="true" duration-ms="764" started-at="2023-02-07T11:19:07Z" finished-at="2023-02-07T11:19:08Z">
          <params>
            <param index="0">
              <value>
                <![CDATA[[TestResult name=verifyLoginWithInValidUserNameAndPassword status=SUCCESS method=LoginPageTest.verifyLoginWithInValidUserNameAndPassword()[pri:0, instance:com.obsqura.ProjectServiceApp.LoginPageTest@402e37bc] output={null}]]]>
              </value>
            </param>
          </params>
          <reporter-output>
          </reporter-output>
        </test-method> <!-- browserQuit -->
        <test-method status="PASS" signature="initialiseBrowser(java.lang.String)[pri:0, instance:com.obsqura.ProjectServiceApp.LoginPageTest@402e37bc]" name="initialiseBrowser" is-config="true" duration-ms="5451" started-at="2023-02-07T11:19:08Z" finished-at="2023-02-07T11:19:13Z">
          <params>
            <param index="0">
              <value>
                <![CDATA[chrome]]>
              </value>
            </param>
          </params>
          <reporter-output>
          </reporter-output>
        </test-method> <!-- initialiseBrowser -->
        <test-method status="PASS" signature="verifyLoginWithValidUserNameAndPassword()[pri:0, instance:com.obsqura.ProjectServiceApp.LoginPageTest@402e37bc]" name="verifyLoginWithValidUserNameAndPassword" duration-ms="3369" started-at="2023-02-07T11:19:13Z" description="Login With Valid UserName And Password" finished-at="2023-02-07T11:19:16Z">
          <reporter-output>
          </reporter-output>
        </test-method> <!-- verifyLoginWithValidUserNameAndPassword -->
        <test-method status="PASS" signature="browserQuit(org.testng.ITestResult)[pri:0, instance:com.obsqura.ProjectServiceApp.LoginPageTest@402e37bc]" name="browserQuit" is-config="true" duration-ms="746" started-at="2023-02-07T11:19:16Z" finished-at="2023-02-07T11:19:17Z">
          <params>
            <param index="0">
              <value>
                <![CDATA[[TestResult name=verifyLoginWithValidUserNameAndPassword status=SUCCESS method=LoginPageTest.verifyLoginWithValidUserNameAndPassword()[pri:0, instance:com.obsqura.ProjectServiceApp.LoginPageTest@402e37bc] output={null}]]]>
              </value>
            </param>
          </params>
          <reporter-output>
          </reporter-output>
        </test-method> <!-- browserQuit -->
      </class> <!-- com.obsqura.ProjectServiceApp.LoginPageTest -->
    </test> <!-- Test -->
  </suite> <!-- Suite -->
</testng-results>
