<?xml version="1.0" encoding="UTF-8"?>
<testng-results skipped="0" failed="0" total="31" passed="31">
  <reporter-output>
  </reporter-output>
  <suite name="Suite" duration-ms="367059" started-at="2023-02-02T10:18:04Z" finished-at="2023-02-02T10:24:11Z">
    <groups>
      <group name="SmokeTest">
        <method signature="HomePageTest.verifyClickOnInventoryProductsMoreInfo()[pri:0, instance:com.obsqura.ProjectServiceApp.HomePageTest@13c10b87]" name="verifyClickOnInventoryProductsMoreInfo" class="com.obsqura.ProjectServiceApp.HomePageTest"/>
        <method signature="HomePageTest.verifyClickOnSendSMS()[pri:0, instance:com.obsqura.ProjectServiceApp.HomePageTest@13c10b87]" name="verifyClickOnSendSMS" class="com.obsqura.ProjectServiceApp.HomePageTest"/>
        <method signature="HomePageTest.verifyClickOnUserIconSignOut()[pri:0, instance:com.obsqura.ProjectServiceApp.HomePageTest@13c10b87]" name="verifyClickOnUserIconSignOut" class="com.obsqura.ProjectServiceApp.HomePageTest"/>
        <method signature="HomePageTest.verifyClickOnreparationMoreInfo()[pri:0, instance:com.obsqura.ProjectServiceApp.HomePageTest@13c10b87]" name="verifyClickOnreparationMoreInfo" class="com.obsqura.ProjectServiceApp.HomePageTest"/>
        <method signature="HomePageTest.verifyclickOnSendEmail()[pri:0, instance:com.obsqura.ProjectServiceApp.HomePageTest@13c10b87]" name="verifyclickOnSendEmail" class="com.obsqura.ProjectServiceApp.HomePageTest"/>
      </group> <!-- SmokeTest -->
      <group name="RegressionTest">
        <method signature="HomePageTest.verifyClickOnClientMoreInfo()[pri:0, instance:com.obsqura.ProjectServiceApp.HomePageTest@13c10b87]" name="verifyClickOnClientMoreInfo" class="com.obsqura.ProjectServiceApp.HomePageTest"/>
        <method signature="HomePageTest.verifyClickOnPlusIcon()[pri:0, instance:com.obsqura.ProjectServiceApp.HomePageTest@13c10b87]" name="verifyClickOnPlusIcon" class="com.obsqura.ProjectServiceApp.HomePageTest"/>
        <method signature="HomePageTest.verifyclickOnAddReparation()[pri:0, instance:com.obsqura.ProjectServiceApp.HomePageTest@13c10b87]" name="verifyclickOnAddReparation" class="com.obsqura.ProjectServiceApp.HomePageTest"/>
      </group> <!-- RegressionTest -->
    </groups>
    <test name="Test" duration-ms="367059" started-at="2023-02-02T10:18:04Z" finished-at="2023-02-02T10:24:11Z">
      <class name="com.obsqura.ProjectServiceApp.CustomersPageTest">
        <test-method status="PASS" signature="initialiseBrowser(java.lang.String)[pri:0, instance:com.obsqura.ProjectServiceApp.CustomersPageTest@6a01e23]" name="initialiseBrowser" is-config="true" duration-ms="5706" started-at="2023-02-02T15:51:31Z" finished-at="2023-02-02T15:51:36Z">
          <params>
            <param index="0">
              <value>
                <![CDATA[chrome]]>
              </value>
            </param>
          </params>
          <reporter-output>
          </reporter-output>
        </test-method> <!-- initialiseBrowser -->
        <test-method status="PASS" signature="VerifyClickOnEditClientOptionFromDropdown()[pri:0, instance:com.obsqura.ProjectServiceApp.CustomersPageTest@6a01e23]" name="VerifyClickOnEditClientOptionFromDropdown" duration-ms="5775" started-at="2023-02-02T15:51:36Z" finished-at="2023-02-02T15:51:42Z">
          <reporter-output>
          </reporter-output>
        </test-method> <!-- VerifyClickOnEditClientOptionFromDropdown -->
        <test-method status="PASS" signature="browserQuit(org.testng.ITestResult)[pri:0, instance:com.obsqura.ProjectServiceApp.CustomersPageTest@6a01e23]" name="browserQuit" is-config="true" duration-ms="654" started-at="2023-02-02T15:51:42Z" finished-at="2023-02-02T15:51:43Z">
          <params>
            <param index="0">
              <value>
                <![CDATA[[TestResult name=VerifyClickOnEditClientOptionFromDropdown status=SUCCESS method=CustomersPageTest.VerifyClickOnEditClientOptionFromDropdown()[pri:0, instance:com.obsqura.ProjectServiceApp.CustomersPageTest@6a01e23] output={null}]]]>
              </value>
            </param>
          </params>
          <reporter-output>
          </reporter-output>
        </test-method> <!-- browserQuit -->
        <test-method status="PASS" signature="initialiseBrowser(java.lang.String)[pri:0, instance:com.obsqura.ProjectServiceApp.CustomersPageTest@6a01e23]" name="initialiseBrowser" is-config="true" duration-ms="5308" started-at="2023-02-02T15:51:43Z" finished-at="2023-02-02T15:51:48Z">
          <params>
            <param index="0">
              <value>
                <![CDATA[chrome]]>
              </value>
            </param>
          </params>
          <reporter-output>
          </reporter-output>
        </test-method> <!-- initialiseBrowser -->
        <test-method status="PASS" signature="verifyClickOnActionButtonCustomerPage()[pri:0, instance:com.obsqura.ProjectServiceApp.CustomersPageTest@6a01e23]" name="verifyClickOnActionButtonCustomerPage" duration-ms="5449" started-at="2023-02-02T15:51:48Z" finished-at="2023-02-02T15:51:53Z">
          <reporter-output>
          </reporter-output>
        </test-method> <!-- verifyClickOnActionButtonCustomerPage -->
        <test-method status="PASS" signature="browserQuit(org.testng.ITestResult)[pri:0, instance:com.obsqura.ProjectServiceApp.CustomersPageTest@6a01e23]" name="browserQuit" is-config="true" duration-ms="678" started-at="2023-02-02T15:51:53Z" finished-at="2023-02-02T15:51:54Z">
          <params>
            <param index="0">
              <value>
                <![CDATA[[TestResult name=verifyClickOnActionButtonCustomerPage status=SUCCESS method=CustomersPageTest.verifyClickOnActionButtonCustomerPage()[pri:0, instance:com.obsqura.ProjectServiceApp.CustomersPageTest@6a01e23] output={null}]]]>
              </value>
            </param>
          </params>
          <reporter-output>
          </reporter-output>
        </test-method> <!-- browserQuit -->
        <test-method status="PASS" signature="initialiseBrowser(java.lang.String)[pri:0, instance:com.obsqura.ProjectServiceApp.CustomersPageTest@6a01e23]" name="initialiseBrowser" is-config="true" duration-ms="5431" started-at="2023-02-02T15:51:54Z" finished-at="2023-02-02T15:52:00Z">
          <params>
            <param index="0">
              <value>
                <![CDATA[chrome]]>
              </value>
            </param>
          </params>
          <reporter-output>
          </reporter-output>
        </test-method> <!-- initialiseBrowser -->
        <test-method status="PASS" signature="verifyClickOnAddClientButton()[pri:0, instance:com.obsqura.ProjectServiceApp.CustomersPageTest@6a01e23]" name="verifyClickOnAddClientButton" duration-ms="7303" started-at="2023-02-02T15:52:00Z" description="Customer Page Test" finished-at="2023-02-02T15:52:07Z">
          <reporter-output>
          </reporter-output>
        </test-method> <!-- verifyClickOnAddClientButton -->
        <test-method status="PASS" signature="browserQuit(org.testng.ITestResult)[pri:0, instance:com.obsqura.ProjectServiceApp.CustomersPageTest@6a01e23]" name="browserQuit" is-config="true" duration-ms="828" started-at="2023-02-02T15:52:07Z" finished-at="2023-02-02T15:52:08Z">
          <params>
            <param index="0">
              <value>
                <![CDATA[[TestResult name=verifyClickOnAddClientButton status=SUCCESS method=CustomersPageTest.verifyClickOnAddClientButton()[pri:0, instance:com.obsqura.ProjectServiceApp.CustomersPageTest@6a01e23] output={null}]]]>
              </value>
            </param>
          </params>
          <reporter-output>
          </reporter-output>
        </test-method> <!-- browserQuit -->
        <test-method status="PASS" signature="initialiseBrowser(java.lang.String)[pri:0, instance:com.obsqura.ProjectServiceApp.CustomersPageTest@6a01e23]" name="initialiseBrowser" is-config="true" duration-ms="5326" started-at="2023-02-02T15:52:08Z" finished-at="2023-02-02T15:52:13Z">
          <params>
            <param index="0">
              <value>
                <![CDATA[chrome]]>
              </value>
            </param>
          </params>
          <reporter-output>
          </reporter-output>
        </test-method> <!-- initialiseBrowser -->
        <test-method status="PASS" signature="verifyClickOnConfirmButtonInDelete()[pri:0, instance:com.obsqura.ProjectServiceApp.CustomersPageTest@6a01e23]" name="verifyClickOnConfirmButtonInDelete" duration-ms="6197" started-at="2023-02-02T15:52:13Z" finished-at="2023-02-02T15:52:19Z">
          <reporter-output>
          </reporter-output>
        </test-method> <!-- verifyClickOnConfirmButtonInDelete -->
        <test-method status="PASS" signature="browserQuit(org.testng.ITestResult)[pri:0, instance:com.obsqura.ProjectServiceApp.CustomersPageTest@6a01e23]" name="browserQuit" is-config="true" duration-ms="687" started-at="2023-02-02T15:52:19Z" finished-at="2023-02-02T15:52:20Z">
          <params>
            <param index="0">
              <value>
                <![CDATA[[TestResult name=verifyClickOnConfirmButtonInDelete status=SUCCESS method=CustomersPageTest.verifyClickOnConfirmButtonInDelete()[pri:0, instance:com.obsqura.ProjectServiceApp.CustomersPageTest@6a01e23] output={null}]]]>
              </value>
            </param>
          </params>
          <reporter-output>
          </reporter-output>
        </test-method> <!-- browserQuit -->
        <test-method status="PASS" signature="initialiseBrowser(java.lang.String)[pri:0, instance:com.obsqura.ProjectServiceApp.CustomersPageTest@6a01e23]" name="initialiseBrowser" is-config="true" duration-ms="5355" started-at="2023-02-02T15:52:20Z" finished-at="2023-02-02T15:52:25Z">
          <params>
            <param index="0">
              <value>
                <![CDATA[chrome]]>
              </value>
            </param>
          </params>
          <reporter-output>
          </reporter-output>
        </test-method> <!-- initialiseBrowser -->
        <test-method status="PASS" signature="verifyClickOnDeleteClientOptionFromDropdown()[pri:0, instance:com.obsqura.ProjectServiceApp.CustomersPageTest@6a01e23]" name="verifyClickOnDeleteClientOptionFromDropdown" duration-ms="5684" started-at="2023-02-02T15:52:25Z" finished-at="2023-02-02T15:52:31Z">
          <reporter-output>
          </reporter-output>
        </test-method> <!-- verifyClickOnDeleteClientOptionFromDropdown -->
        <test-method status="PASS" signature="browserQuit(org.testng.ITestResult)[pri:0, instance:com.obsqura.ProjectServiceApp.CustomersPageTest@6a01e23]" name="browserQuit" is-config="true" duration-ms="666" started-at="2023-02-02T15:52:31Z" finished-at="2023-02-02T15:52:32Z">
          <params>
            <param index="0">
              <value>
                <![CDATA[[TestResult name=verifyClickOnDeleteClientOptionFromDropdown status=SUCCESS method=CustomersPageTest.verifyClickOnDeleteClientOptionFromDropdown()[pri:0, instance:com.obsqura.ProjectServiceApp.CustomersPageTest@6a01e23] output={null}]]]>
              </value>
            </param>
          </params>
          <reporter-output>
          </reporter-output>
        </test-method> <!-- browserQuit -->
        <test-method status="PASS" signature="initialiseBrowser(java.lang.String)[pri:0, instance:com.obsqura.ProjectServiceApp.CustomersPageTest@6a01e23]" name="initialiseBrowser" is-config="true" duration-ms="5876" started-at="2023-02-02T15:52:32Z" finished-at="2023-02-02T15:52:37Z">
          <params>
            <param index="0">
              <value>
                <![CDATA[chrome]]>
              </value>
            </param>
          </params>
          <reporter-output>
          </reporter-output>
        </test-method> <!-- initialiseBrowser -->
        <test-method status="PASS" signature="verifyClickOnGoBackButtonAddClientWindow()[pri:0, instance:com.obsqura.ProjectServiceApp.CustomersPageTest@6a01e23]" name="verifyClickOnGoBackButtonAddClientWindow" duration-ms="5456" started-at="2023-02-02T15:52:37Z" finished-at="2023-02-02T15:52:43Z">
          <reporter-output>
          </reporter-output>
        </test-method> <!-- verifyClickOnGoBackButtonAddClientWindow -->
        <test-method status="PASS" signature="browserQuit(org.testng.ITestResult)[pri:0, instance:com.obsqura.ProjectServiceApp.CustomersPageTest@6a01e23]" name="browserQuit" is-config="true" duration-ms="643" started-at="2023-02-02T15:52:43Z" finished-at="2023-02-02T15:52:44Z">
          <params>
            <param index="0">
              <value>
                <![CDATA[[TestResult name=verifyClickOnGoBackButtonAddClientWindow status=SUCCESS method=CustomersPageTest.verifyClickOnGoBackButtonAddClientWindow()[pri:0, instance:com.obsqura.ProjectServiceApp.CustomersPageTest@6a01e23] output={null}]]]>
              </value>
            </param>
          </params>
          <reporter-output>
          </reporter-output>
        </test-method> <!-- browserQuit -->
        <test-method status="PASS" signature="initialiseBrowser(java.lang.String)[pri:0, instance:com.obsqura.ProjectServiceApp.CustomersPageTest@6a01e23]" name="initialiseBrowser" is-config="true" duration-ms="5592" started-at="2023-02-02T15:52:44Z" finished-at="2023-02-02T15:52:49Z">
          <params>
            <param index="0">
              <value>
                <![CDATA[chrome]]>
              </value>
            </param>
          </params>
          <reporter-output>
          </reporter-output>
        </test-method> <!-- initialiseBrowser -->
        <test-method status="PASS" signature="verifyClickOnViewClientOptionFromDropdown()[pri:0, instance:com.obsqura.ProjectServiceApp.CustomersPageTest@6a01e23]" name="verifyClickOnViewClientOptionFromDropdown" duration-ms="5313" started-at="2023-02-02T15:52:49Z" finished-at="2023-02-02T15:52:54Z">
          <reporter-output>
          </reporter-output>
        </test-method> <!-- verifyClickOnViewClientOptionFromDropdown -->
        <test-method status="PASS" signature="browserQuit(org.testng.ITestResult)[pri:0, instance:com.obsqura.ProjectServiceApp.CustomersPageTest@6a01e23]" name="browserQuit" is-config="true" duration-ms="675" started-at="2023-02-02T15:52:54Z" finished-at="2023-02-02T15:52:55Z">
          <params>
            <param index="0">
              <value>
                <![CDATA[[TestResult name=verifyClickOnViewClientOptionFromDropdown status=SUCCESS method=CustomersPageTest.verifyClickOnViewClientOptionFromDropdown()[pri:0, instance:com.obsqura.ProjectServiceApp.CustomersPageTest@6a01e23] output={null}]]]>
              </value>
            </param>
          </params>
          <reporter-output>
          </reporter-output>
        </test-method> <!-- browserQuit -->
        <test-method status="PASS" signature="initialiseBrowser(java.lang.String)[pri:0, instance:com.obsqura.ProjectServiceApp.CustomersPageTest@6a01e23]" name="initialiseBrowser" is-config="true" duration-ms="6965" started-at="2023-02-02T15:52:55Z" finished-at="2023-02-02T15:53:02Z">
          <params>
            <param index="0">
              <value>
                <![CDATA[chrome]]>
              </value>
            </param>
          </params>
          <reporter-output>
          </reporter-output>
        </test-method> <!-- initialiseBrowser -->
        <test-method status="PASS" signature="verifyEditClientData(java.lang.String, java.lang.String)[pri:0, instance:com.obsqura.ProjectServiceApp.CustomersPageTest@6a01e23]" name="verifyEditClientData" duration-ms="6842" started-at="2023-02-02T15:53:02Z" finished-at="2023-02-02T15:53:09Z">
          <params>
            <param index="0">
              <value>
                <![CDATA[India]]>
              </value>
            </param>
            <param index="1">
              <value>
                <![CDATA[St.Mary's Road]]>
              </value>
            </param>
          </params>
          <reporter-output>
          </reporter-output>
        </test-method> <!-- verifyEditClientData -->
        <test-method status="PASS" signature="browserQuit(org.testng.ITestResult)[pri:0, instance:com.obsqura.ProjectServiceApp.CustomersPageTest@6a01e23]" name="browserQuit" is-config="true" duration-ms="709" started-at="2023-02-02T15:53:09Z" finished-at="2023-02-02T15:53:10Z">
          <params>
            <param index="0">
              <value>
                <![CDATA[[TestResult name=verifyEditClientData status=SUCCESS method=CustomersPageTest.verifyEditClientData(java.lang.String, java.lang.String)[pri:0, instance:com.obsqura.ProjectServiceApp.CustomersPageTest@6a01e23] output={null}]]]>
              </value>
            </param>
          </params>
          <reporter-output>
          </reporter-output>
        </test-method> <!-- browserQuit -->
        <test-method status="PASS" signature="initialiseBrowser(java.lang.String)[pri:0, instance:com.obsqura.ProjectServiceApp.CustomersPageTest@6a01e23]" name="initialiseBrowser" is-config="true" duration-ms="5453" started-at="2023-02-02T15:53:10Z" finished-at="2023-02-02T15:53:15Z">
          <params>
            <param index="0">
              <value>
                <![CDATA[chrome]]>
              </value>
            </param>
          </params>
          <reporter-output>
          </reporter-output>
        </test-method> <!-- initialiseBrowser -->
        <test-method status="PASS" signature="verifyEnterDataInSearchField()[pri:0, instance:com.obsqura.ProjectServiceApp.CustomersPageTest@6a01e23]" name="verifyEnterDataInSearchField" duration-ms="5162" started-at="2023-02-02T15:53:15Z" finished-at="2023-02-02T15:53:20Z">
          <reporter-output>
          </reporter-output>
        </test-method> <!-- verifyEnterDataInSearchField -->
        <test-method status="PASS" signature="browserQuit(org.testng.ITestResult)[pri:0, instance:com.obsqura.ProjectServiceApp.CustomersPageTest@6a01e23]" name="browserQuit" is-config="true" duration-ms="665" started-at="2023-02-02T15:53:20Z" finished-at="2023-02-02T15:53:21Z">
          <params>
            <param index="0">
              <value>
                <![CDATA[[TestResult name=verifyEnterDataInSearchField status=SUCCESS method=CustomersPageTest.verifyEnterDataInSearchField()[pri:0, instance:com.obsqura.ProjectServiceApp.CustomersPageTest@6a01e23] output={null}]]]>
              </value>
            </param>
          </params>
          <reporter-output>
          </reporter-output>
        </test-method> <!-- browserQuit -->
        <test-method status="PASS" signature="initialiseBrowser(java.lang.String)[pri:0, instance:com.obsqura.ProjectServiceApp.CustomersPageTest@6a01e23]" name="initialiseBrowser" is-config="true" duration-ms="5977" started-at="2023-02-02T15:53:21Z" finished-at="2023-02-02T15:53:27Z">
          <params>
            <param index="0">
              <value>
                <![CDATA[chrome]]>
              </value>
            </param>
          </params>
          <reporter-output>
          </reporter-output>
        </test-method> <!-- initialiseBrowser -->
        <test-method status="PASS" signature="verifyEnterDetailsOnAddClientWindow(java.lang.String, java.lang.String, java.lang.String, java.lang.String, java.lang.String, java.lang.String, java.lang.String, java.lang.String, java.lang.String, java.lang.String, java.lang.String)[pri:0, instance:com.obsqura.ProjectServiceApp.CustomersPageTest@6a01e23]" name="verifyEnterDetailsOnAddClientWindow" duration-ms="8687" started-at="2023-02-02T15:53:27Z" finished-at="2023-02-02T15:53:36Z">
          <params>
            <param index="0">
              <value>
                <![CDATA[Justin]]>
              </value>
            </param>
            <param index="1">
              <value>
                <![CDATA[Ag]]>
              </value>
            </param>
            <param index="2">
              <value>
                <![CDATA[India]]>
              </value>
            </param>
            <param index="3">
              <value>
                <![CDATA[St.Mary's Road]]>
              </value>
            </param>
            <param index="4">
              <value>
                <![CDATA[Alappuzha]]>
              </value>
            </param>
            <param index="5">
              <value>
                <![CDATA[688540]]>
              </value>
            </param>
            <param index="6">
              <value>
                <![CDATA[9996754321]]>
              </value>
            </param>
            <param index="7">
              <value>
                <![CDATA[test@gmail.com]]>
              </value>
            </param>
            <param index="8">
              <value>
                <![CDATA[4567843]]>
              </value>
            </param>
            <param index="9">
              <value>
                <![CDATA[45678433444]]>
              </value>
            </param>
            <param index="10">
              <value>
                <![CDATA[test Add Client]]>
              </value>
            </param>
          </params>
          <reporter-output>
          </reporter-output>
        </test-method> <!-- verifyEnterDetailsOnAddClientWindow -->
        <test-method status="PASS" signature="browserQuit(org.testng.ITestResult)[pri:0, instance:com.obsqura.ProjectServiceApp.CustomersPageTest@6a01e23]" name="browserQuit" is-config="true" duration-ms="700" started-at="2023-02-02T15:53:36Z" finished-at="2023-02-02T15:53:36Z">
          <params>
            <param index="0">
              <value>
                <![CDATA[[TestResult name=verifyEnterDetailsOnAddClientWindow status=SUCCESS method=CustomersPageTest.verifyEnterDetailsOnAddClientWindow(java.lang.String, java.lang.String, java.lang.String, java.lang.String, java.lang.String, java.lang.String, java.lang.String, java.lang.String, java.lang.String, java.lang.String, java.lang.String)[pri:0, instance:com.obsqura.ProjectServiceApp.CustomersPageTest@6a01e23] output={null}]]]>
              </value>
            </param>
          </params>
          <reporter-output>
          </reporter-output>
        </test-method> <!-- browserQuit -->
        <test-method status="PASS" signature="initialiseBrowser(java.lang.String)[pri:0, instance:com.obsqura.ProjectServiceApp.CustomersPageTest@6a01e23]" name="initialiseBrowser" is-config="true" duration-ms="5365" started-at="2023-02-02T15:53:36Z" finished-at="2023-02-02T15:53:42Z">
          <params>
            <param index="0">
              <value>
                <![CDATA[chrome]]>
              </value>
            </param>
          </params>
          <reporter-output>
          </reporter-output>
        </test-method> <!-- initialiseBrowser -->
        <test-method status="PASS" signature="verifyclickOnActionButtonInTable()[pri:0, instance:com.obsqura.ProjectServiceApp.CustomersPageTest@6a01e23]" name="verifyclickOnActionButtonInTable" duration-ms="5538" started-at="2023-02-02T15:53:42Z" finished-at="2023-02-02T15:53:47Z">
          <reporter-output>
          </reporter-output>
        </test-method> <!-- verifyclickOnActionButtonInTable -->
        <test-method status="PASS" signature="browserQuit(org.testng.ITestResult)[pri:0, instance:com.obsqura.ProjectServiceApp.CustomersPageTest@6a01e23]" name="browserQuit" is-config="true" duration-ms="667" started-at="2023-02-02T15:53:47Z" finished-at="2023-02-02T15:53:48Z">
          <params>
            <param index="0">
              <value>
                <![CDATA[[TestResult name=verifyclickOnActionButtonInTable status=SUCCESS method=CustomersPageTest.verifyclickOnActionButtonInTable()[pri:0, instance:com.obsqura.ProjectServiceApp.CustomersPageTest@6a01e23] output={null}]]]>
              </value>
            </param>
          </params>
          <reporter-output>
          </reporter-output>
        </test-method> <!-- browserQuit -->
      </class> <!-- com.obsqura.ProjectServiceApp.CustomersPageTest -->
      <class name="com.obsqura.ProjectServiceApp.OrderAndReparationsPagesTest">
        <test-method status="PASS" signature="initialiseBrowser(java.lang.String)[pri:0, instance:com.obsqura.ProjectServiceApp.OrderAndReparationsPagesTest@1df82230]" name="initialiseBrowser" is-config="true" duration-ms="10514" started-at="2023-02-02T15:48:04Z" finished-at="2023-02-02T15:48:15Z">
          <params>
            <param index="0">
              <value>
                <![CDATA[chrome]]>
              </value>
            </param>
          </params>
          <reporter-output>
          </reporter-output>
        </test-method> <!-- initialiseBrowser -->
        <test-method status="PASS" signature="verifyClickOnNextButtonByScrollingDown()[pri:0, instance:com.obsqura.ProjectServiceApp.OrderAndReparationsPagesTest@1df82230]" name="verifyClickOnNextButtonByScrollingDown" duration-ms="8278" started-at="2023-02-02T15:48:15Z" finished-at="2023-02-02T15:48:23Z">
          <reporter-output>
          </reporter-output>
        </test-method> <!-- verifyClickOnNextButtonByScrollingDown -->
        <test-method status="PASS" signature="browserQuit(org.testng.ITestResult)[pri:0, instance:com.obsqura.ProjectServiceApp.OrderAndReparationsPagesTest@1df82230]" name="browserQuit" is-config="true" duration-ms="679" started-at="2023-02-02T15:48:23Z" finished-at="2023-02-02T15:48:24Z">
          <params>
            <param index="0">
              <value>
                <![CDATA[[TestResult name=verifyClickOnNextButtonByScrollingDown status=SUCCESS method=OrderAndReparationsPagesTest.verifyClickOnNextButtonByScrollingDown()[pri:0, instance:com.obsqura.ProjectServiceApp.OrderAndReparationsPagesTest@1df82230] output={null}]]]>
              </value>
            </param>
          </params>
          <reporter-output>
          </reporter-output>
        </test-method> <!-- browserQuit -->
        <test-method status="PASS" signature="initialiseBrowser(java.lang.String)[pri:0, instance:com.obsqura.ProjectServiceApp.OrderAndReparationsPagesTest@1df82230]" name="initialiseBrowser" is-config="true" duration-ms="5598" started-at="2023-02-02T15:48:24Z" finished-at="2023-02-02T15:48:29Z">
          <params>
            <param index="0">
              <value>
                <![CDATA[chrome]]>
              </value>
            </param>
          </params>
          <reporter-output>
          </reporter-output>
        </test-method> <!-- initialiseBrowser -->
        <test-method status="PASS" signature="verifyClickOnExcelButton()[pri:1, instance:com.obsqura.ProjectServiceApp.OrderAndReparationsPagesTest@1df82230]" name="verifyClickOnExcelButton" duration-ms="5837" started-at="2023-02-02T15:48:29Z" finished-at="2023-02-02T15:48:35Z">
          <reporter-output>
          </reporter-output>
        </test-method> <!-- verifyClickOnExcelButton -->
        <test-method status="PASS" signature="browserQuit(org.testng.ITestResult)[pri:0, instance:com.obsqura.ProjectServiceApp.OrderAndReparationsPagesTest@1df82230]" name="browserQuit" is-config="true" duration-ms="687" started-at="2023-02-02T15:48:35Z" finished-at="2023-02-02T15:48:36Z">
          <params>
            <param index="0">
              <value>
                <![CDATA[[TestResult name=verifyClickOnExcelButton status=SUCCESS method=OrderAndReparationsPagesTest.verifyClickOnExcelButton()[pri:1, instance:com.obsqura.ProjectServiceApp.OrderAndReparationsPagesTest@1df82230] output={null}]]]>
              </value>
            </param>
          </params>
          <reporter-output>
          </reporter-output>
        </test-method> <!-- browserQuit -->
        <test-method status="PASS" signature="initialiseBrowser(java.lang.String)[pri:0, instance:com.obsqura.ProjectServiceApp.OrderAndReparationsPagesTest@1df82230]" name="initialiseBrowser" is-config="true" duration-ms="5555" started-at="2023-02-02T15:48:36Z" finished-at="2023-02-02T15:48:41Z">
          <params>
            <param index="0">
              <value>
                <![CDATA[chrome]]>
              </value>
            </param>
          </params>
          <reporter-output>
          </reporter-output>
        </test-method> <!-- initialiseBrowser -->
        <test-method status="PASS" signature="verifyClickOnCompletedRepairsTab()[pri:2, instance:com.obsqura.ProjectServiceApp.OrderAndReparationsPagesTest@1df82230]" name="verifyClickOnCompletedRepairsTab" duration-ms="5451" started-at="2023-02-02T15:48:41Z" finished-at="2023-02-02T15:48:47Z">
          <reporter-output>
          </reporter-output>
        </test-method> <!-- verifyClickOnCompletedRepairsTab -->
        <test-method status="PASS" signature="browserQuit(org.testng.ITestResult)[pri:0, instance:com.obsqura.ProjectServiceApp.OrderAndReparationsPagesTest@1df82230]" name="browserQuit" is-config="true" duration-ms="702" started-at="2023-02-02T15:48:47Z" finished-at="2023-02-02T15:48:48Z">
          <params>
            <param index="0">
              <value>
                <![CDATA[[TestResult name=verifyClickOnCompletedRepairsTab status=SUCCESS method=OrderAndReparationsPagesTest.verifyClickOnCompletedRepairsTab()[pri:2, instance:com.obsqura.ProjectServiceApp.OrderAndReparationsPagesTest@1df82230] output={null}]]]>
              </value>
            </param>
          </params>
          <reporter-output>
          </reporter-output>
        </test-method> <!-- browserQuit -->
        <test-method status="PASS" signature="initialiseBrowser(java.lang.String)[pri:0, instance:com.obsqura.ProjectServiceApp.OrderAndReparationsPagesTest@1df82230]" name="initialiseBrowser" is-config="true" duration-ms="5435" started-at="2023-02-02T15:48:48Z" finished-at="2023-02-02T15:48:53Z">
          <params>
            <param index="0">
              <value>
                <![CDATA[chrome]]>
              </value>
            </param>
          </params>
          <reporter-output>
          </reporter-output>
        </test-method> <!-- initialiseBrowser -->
        <test-method status="PASS" signature="verifyClickOnPdfButton()[pri:3, instance:com.obsqura.ProjectServiceApp.OrderAndReparationsPagesTest@1df82230]" name="verifyClickOnPdfButton" duration-ms="8029" started-at="2023-02-02T15:48:53Z" finished-at="2023-02-02T15:49:01Z">
          <reporter-output>
          </reporter-output>
        </test-method> <!-- verifyClickOnPdfButton -->
        <test-method status="PASS" signature="browserQuit(org.testng.ITestResult)[pri:0, instance:com.obsqura.ProjectServiceApp.OrderAndReparationsPagesTest@1df82230]" name="browserQuit" is-config="true" duration-ms="627" started-at="2023-02-02T15:49:01Z" finished-at="2023-02-02T15:49:02Z">
          <params>
            <param index="0">
              <value>
                <![CDATA[[TestResult name=verifyClickOnPdfButton status=SUCCESS method=OrderAndReparationsPagesTest.verifyClickOnPdfButton()[pri:3, instance:com.obsqura.ProjectServiceApp.OrderAndReparationsPagesTest@1df82230] output={null}]]]>
              </value>
            </param>
          </params>
          <reporter-output>
          </reporter-output>
        </test-method> <!-- browserQuit -->
        <test-method status="PASS" signature="initialiseBrowser(java.lang.String)[pri:0, instance:com.obsqura.ProjectServiceApp.OrderAndReparationsPagesTest@1df82230]" name="initialiseBrowser" is-config="true" duration-ms="5256" started-at="2023-02-02T15:49:02Z" finished-at="2023-02-02T15:49:07Z">
          <params>
            <param index="0">
              <value>
                <![CDATA[chrome]]>
              </value>
            </param>
          </params>
          <reporter-output>
          </reporter-output>
        </test-method> <!-- initialiseBrowser -->
        <test-method status="PASS" signature="verifyClickOnAddReparationButton()[pri:4, instance:com.obsqura.ProjectServiceApp.OrderAndReparationsPagesTest@1df82230]" name="verifyClickOnAddReparationButton" duration-ms="5691" started-at="2023-02-02T15:49:07Z" finished-at="2023-02-02T15:49:13Z">
          <reporter-output>
          </reporter-output>
        </test-method> <!-- verifyClickOnAddReparationButton -->
        <test-method status="PASS" signature="browserQuit(org.testng.ITestResult)[pri:0, instance:com.obsqura.ProjectServiceApp.OrderAndReparationsPagesTest@1df82230]" name="browserQuit" is-config="true" duration-ms="672" started-at="2023-02-02T15:49:13Z" finished-at="2023-02-02T15:49:13Z">
          <params>
            <param index="0">
              <value>
                <![CDATA[[TestResult name=verifyClickOnAddReparationButton status=SUCCESS method=OrderAndReparationsPagesTest.verifyClickOnAddReparationButton()[pri:4, instance:com.obsqura.ProjectServiceApp.OrderAndReparationsPagesTest@1df82230] output={null}]]]>
              </value>
            </param>
          </params>
          <reporter-output>
          </reporter-output>
        </test-method> <!-- browserQuit -->
        <test-method status="PASS" signature="initialiseBrowser(java.lang.String)[pri:0, instance:com.obsqura.ProjectServiceApp.OrderAndReparationsPagesTest@1df82230]" name="initialiseBrowser" is-config="true" duration-ms="5579" started-at="2023-02-02T15:49:13Z" finished-at="2023-02-02T15:49:19Z">
          <params>
            <param index="0">
              <value>
                <![CDATA[chrome]]>
              </value>
            </param>
          </params>
          <reporter-output>
          </reporter-output>
        </test-method> <!-- initialiseBrowser -->
        <test-method status="PASS" signature="verifyClickOnAddReparationWindowCloseButton()[pri:5, instance:com.obsqura.ProjectServiceApp.OrderAndReparationsPagesTest@1df82230]" name="verifyClickOnAddReparationWindowCloseButton" duration-ms="5643" started-at="2023-02-02T15:49:19Z" finished-at="2023-02-02T15:49:25Z">
          <reporter-output>
          </reporter-output>
        </test-method> <!-- verifyClickOnAddReparationWindowCloseButton -->
        <test-method status="PASS" signature="browserQuit(org.testng.ITestResult)[pri:0, instance:com.obsqura.ProjectServiceApp.OrderAndReparationsPagesTest@1df82230]" name="browserQuit" is-config="true" duration-ms="661" started-at="2023-02-02T15:49:25Z" finished-at="2023-02-02T15:49:25Z">
          <params>
            <param index="0">
              <value>
                <![CDATA[[TestResult name=verifyClickOnAddReparationWindowCloseButton status=SUCCESS method=OrderAndReparationsPagesTest.verifyClickOnAddReparationWindowCloseButton()[pri:5, instance:com.obsqura.ProjectServiceApp.OrderAndReparationsPagesTest@1df82230] output={null}]]]>
              </value>
            </param>
          </params>
          <reporter-output>
          </reporter-output>
        </test-method> <!-- browserQuit -->
        <test-method status="PASS" signature="initialiseBrowser(java.lang.String)[pri:0, instance:com.obsqura.ProjectServiceApp.OrderAndReparationsPagesTest@1df82230]" name="initialiseBrowser" is-config="true" duration-ms="5673" started-at="2023-02-02T15:49:25Z" finished-at="2023-02-02T15:49:31Z">
          <params>
            <param index="0">
              <value>
                <![CDATA[chrome]]>
              </value>
            </param>
          </params>
          <reporter-output>
          </reporter-output>
        </test-method> <!-- initialiseBrowser -->
        <test-method status="PASS" signature="verifyClickOnFilterIcon()[pri:6, instance:com.obsqura.ProjectServiceApp.OrderAndReparationsPagesTest@1df82230]" name="verifyClickOnFilterIcon" duration-ms="5195" started-at="2023-02-02T15:49:31Z" finished-at="2023-02-02T15:49:36Z">
          <reporter-output>
          </reporter-output>
        </test-method> <!-- verifyClickOnFilterIcon -->
        <test-method status="PASS" signature="browserQuit(org.testng.ITestResult)[pri:0, instance:com.obsqura.ProjectServiceApp.OrderAndReparationsPagesTest@1df82230]" name="browserQuit" is-config="true" duration-ms="682" started-at="2023-02-02T15:49:36Z" finished-at="2023-02-02T15:49:37Z">
          <params>
            <param index="0">
              <value>
                <![CDATA[[TestResult name=verifyClickOnFilterIcon status=SUCCESS method=OrderAndReparationsPagesTest.verifyClickOnFilterIcon()[pri:6, instance:com.obsqura.ProjectServiceApp.OrderAndReparationsPagesTest@1df82230] output={null}]]]>
              </value>
            </param>
          </params>
          <reporter-output>
          </reporter-output>
        </test-method> <!-- browserQuit -->
        <test-method status="PASS" signature="initialiseBrowser(java.lang.String)[pri:0, instance:com.obsqura.ProjectServiceApp.OrderAndReparationsPagesTest@1df82230]" name="initialiseBrowser" is-config="true" duration-ms="5295" started-at="2023-02-02T15:49:37Z" finished-at="2023-02-02T15:49:42Z">
          <params>
            <param index="0">
              <value>
                <![CDATA[chrome]]>
              </value>
            </param>
          </params>
          <reporter-output>
          </reporter-output>
        </test-method> <!-- initialiseBrowser -->
        <test-method status="PASS" signature="verifyEnterDetailsInFilter()[pri:7, instance:com.obsqura.ProjectServiceApp.OrderAndReparationsPagesTest@1df82230]" name="verifyEnterDetailsInFilter" duration-ms="8356" started-at="2023-02-02T15:49:42Z" finished-at="2023-02-02T15:49:50Z">
          <reporter-output>
          </reporter-output>
        </test-method> <!-- verifyEnterDetailsInFilter -->
        <test-method status="PASS" signature="browserQuit(org.testng.ITestResult)[pri:0, instance:com.obsqura.ProjectServiceApp.OrderAndReparationsPagesTest@1df82230]" name="browserQuit" is-config="true" duration-ms="681" started-at="2023-02-02T15:49:50Z" finished-at="2023-02-02T15:49:51Z">
          <params>
            <param index="0">
              <value>
                <![CDATA[[TestResult name=verifyEnterDetailsInFilter status=SUCCESS method=OrderAndReparationsPagesTest.verifyEnterDetailsInFilter()[pri:7, instance:com.obsqura.ProjectServiceApp.OrderAndReparationsPagesTest@1df82230] output={null}]]]>
              </value>
            </param>
          </params>
          <reporter-output>
          </reporter-output>
        </test-method> <!-- browserQuit -->
      </class> <!-- com.obsqura.ProjectServiceApp.OrderAndReparationsPagesTest -->
      <class name="com.obsqura.ProjectServiceApp.InventoryPageTest">
        <test-method status="PASS" signature="initialiseBrowser(java.lang.String)[pri:0, instance:com.obsqura.ProjectServiceApp.InventoryPageTest@5a955565]" name="initialiseBrowser" is-config="true" duration-ms="5410" started-at="2023-02-02T15:53:48Z" finished-at="2023-02-02T15:53:53Z">
          <params>
            <param index="0">
              <value>
                <![CDATA[chrome]]>
              </value>
            </param>
          </params>
          <reporter-output>
          </reporter-output>
        </test-method> <!-- initialiseBrowser -->
        <test-method status="PASS" signature="verifyClickOnShow()[pri:0, instance:com.obsqura.ProjectServiceApp.InventoryPageTest@5a955565]" name="verifyClickOnShow" duration-ms="3681" started-at="2023-02-02T15:53:53Z" finished-at="2023-02-02T15:53:57Z">
          <reporter-output>
          </reporter-output>
        </test-method> <!-- verifyClickOnShow -->
        <test-method status="PASS" signature="browserQuit(org.testng.ITestResult)[pri:0, instance:com.obsqura.ProjectServiceApp.InventoryPageTest@5a955565]" name="browserQuit" is-config="true" duration-ms="666" started-at="2023-02-02T15:53:57Z" finished-at="2023-02-02T15:53:58Z">
          <params>
            <param index="0">
              <value>
                <![CDATA[[TestResult name=verifyClickOnShow status=SUCCESS method=InventoryPageTest.verifyClickOnShow()[pri:0, instance:com.obsqura.ProjectServiceApp.InventoryPageTest@5a955565] output={null}]]]>
              </value>
            </param>
          </params>
          <reporter-output>
          </reporter-output>
        </test-method> <!-- browserQuit -->
        <test-method status="PASS" signature="initialiseBrowser(java.lang.String)[pri:0, instance:com.obsqura.ProjectServiceApp.InventoryPageTest@5a955565]" name="initialiseBrowser" is-config="true" duration-ms="5440" started-at="2023-02-02T15:53:58Z" finished-at="2023-02-02T15:54:03Z">
          <params>
            <param index="0">
              <value>
                <![CDATA[chrome]]>
              </value>
            </param>
          </params>
          <reporter-output>
          </reporter-output>
        </test-method> <!-- initialiseBrowser -->
        <test-method status="PASS" signature="verifyClickOnImage()[pri:0, instance:com.obsqura.ProjectServiceApp.InventoryPageTest@5a955565]" name="verifyClickOnImage" duration-ms="7633" started-at="2023-02-02T15:54:03Z" finished-at="2023-02-02T15:54:11Z">
          <reporter-output>
          </reporter-output>
        </test-method> <!-- verifyClickOnImage -->
        <test-method status="PASS" signature="browserQuit(org.testng.ITestResult)[pri:0, instance:com.obsqura.ProjectServiceApp.InventoryPageTest@5a955565]" name="browserQuit" is-config="true" duration-ms="657" started-at="2023-02-02T15:54:11Z" finished-at="2023-02-02T15:54:11Z">
          <params>
            <param index="0">
              <value>
                <![CDATA[[TestResult name=verifyClickOnImage status=SUCCESS method=InventoryPageTest.verifyClickOnImage()[pri:0, instance:com.obsqura.ProjectServiceApp.InventoryPageTest@5a955565] output={null}]]]>
              </value>
            </param>
          </params>
          <reporter-output>
          </reporter-output>
        </test-method> <!-- browserQuit -->
      </class> <!-- com.obsqura.ProjectServiceApp.InventoryPageTest -->
      <class name="com.obsqura.ProjectServiceApp.HomePageTest">
        <test-method status="PASS" signature="initialiseBrowser(java.lang.String)[pri:0, instance:com.obsqura.ProjectServiceApp.HomePageTest@13c10b87]" name="initialiseBrowser" is-config="true" duration-ms="5405" started-at="2023-02-02T15:50:07Z" finished-at="2023-02-02T15:50:13Z">
          <params>
            <param index="0">
              <value>
                <![CDATA[chrome]]>
              </value>
            </param>
          </params>
          <reporter-output>
          </reporter-output>
        </test-method> <!-- initialiseBrowser -->
        <test-method status="PASS" signature="verifyClickOnClientMoreInfo()[pri:0, instance:com.obsqura.ProjectServiceApp.HomePageTest@13c10b87]" name="verifyClickOnClientMoreInfo" duration-ms="4541" started-at="2023-02-02T15:50:13Z" finished-at="2023-02-02T15:50:17Z">
          <reporter-output>
          </reporter-output>
        </test-method> <!-- verifyClickOnClientMoreInfo -->
        <test-method status="PASS" signature="browserQuit(org.testng.ITestResult)[pri:0, instance:com.obsqura.ProjectServiceApp.HomePageTest@13c10b87]" name="browserQuit" is-config="true" duration-ms="672" started-at="2023-02-02T15:50:17Z" finished-at="2023-02-02T15:50:18Z">
          <params>
            <param index="0">
              <value>
                <![CDATA[[TestResult name=verifyClickOnClientMoreInfo status=SUCCESS method=HomePageTest.verifyClickOnClientMoreInfo()[pri:0, instance:com.obsqura.ProjectServiceApp.HomePageTest@13c10b87] output={null}]]]>
              </value>
            </param>
          </params>
          <reporter-output>
          </reporter-output>
        </test-method> <!-- browserQuit -->
        <test-method status="PASS" signature="initialiseBrowser(java.lang.String)[pri:0, instance:com.obsqura.ProjectServiceApp.HomePageTest@13c10b87]" name="initialiseBrowser" is-config="true" duration-ms="7178" started-at="2023-02-02T15:50:18Z" finished-at="2023-02-02T15:50:25Z">
          <params>
            <param index="0">
              <value>
                <![CDATA[chrome]]>
              </value>
            </param>
          </params>
          <reporter-output>
          </reporter-output>
        </test-method> <!-- initialiseBrowser -->
        <test-method status="PASS" signature="verifyClickOnInventoryProductsMoreInfo()[pri:0, instance:com.obsqura.ProjectServiceApp.HomePageTest@13c10b87]" name="verifyClickOnInventoryProductsMoreInfo" duration-ms="3616" started-at="2023-02-02T15:50:25Z" finished-at="2023-02-02T15:50:29Z">
          <reporter-output>
          </reporter-output>
        </test-method> <!-- verifyClickOnInventoryProductsMoreInfo -->
        <test-method status="PASS" signature="browserQuit(org.testng.ITestResult)[pri:0, instance:com.obsqura.ProjectServiceApp.HomePageTest@13c10b87]" name="browserQuit" is-config="true" duration-ms="657" started-at="2023-02-02T15:50:29Z" finished-at="2023-02-02T15:50:29Z">
          <params>
            <param index="0">
              <value>
                <![CDATA[[TestResult name=verifyClickOnInventoryProductsMoreInfo status=SUCCESS method=HomePageTest.verifyClickOnInventoryProductsMoreInfo()[pri:0, instance:com.obsqura.ProjectServiceApp.HomePageTest@13c10b87] output={null}]]]>
              </value>
            </param>
          </params>
          <reporter-output>
          </reporter-output>
        </test-method> <!-- browserQuit -->
        <test-method status="PASS" signature="initialiseBrowser(java.lang.String)[pri:0, instance:com.obsqura.ProjectServiceApp.HomePageTest@13c10b87]" name="initialiseBrowser" is-config="true" duration-ms="5630" started-at="2023-02-02T15:50:29Z" finished-at="2023-02-02T15:50:35Z">
          <params>
            <param index="0">
              <value>
                <![CDATA[chrome]]>
              </value>
            </param>
          </params>
          <reporter-output>
          </reporter-output>
        </test-method> <!-- initialiseBrowser -->
        <test-method status="PASS" signature="verifyClickOnPlusIcon()[pri:0, instance:com.obsqura.ProjectServiceApp.HomePageTest@13c10b87]" name="verifyClickOnPlusIcon" duration-ms="2536" started-at="2023-02-02T15:50:35Z" finished-at="2023-02-02T15:50:38Z">
          <reporter-output>
          </reporter-output>
        </test-method> <!-- verifyClickOnPlusIcon -->
        <test-method status="PASS" signature="browserQuit(org.testng.ITestResult)[pri:0, instance:com.obsqura.ProjectServiceApp.HomePageTest@13c10b87]" name="browserQuit" is-config="true" duration-ms="716" started-at="2023-02-02T15:50:38Z" finished-at="2023-02-02T15:50:38Z">
          <params>
            <param index="0">
              <value>
                <![CDATA[[TestResult name=verifyClickOnPlusIcon status=SUCCESS method=HomePageTest.verifyClickOnPlusIcon()[pri:0, instance:com.obsqura.ProjectServiceApp.HomePageTest@13c10b87] output={null}]]]>
              </value>
            </param>
          </params>
          <reporter-output>
          </reporter-output>
        </test-method> <!-- browserQuit -->
        <test-method status="PASS" signature="initialiseBrowser(java.lang.String)[pri:0, instance:com.obsqura.ProjectServiceApp.HomePageTest@13c10b87]" name="initialiseBrowser" is-config="true" duration-ms="5294" started-at="2023-02-02T15:50:38Z" finished-at="2023-02-02T15:50:44Z">
          <params>
            <param index="0">
              <value>
                <![CDATA[chrome]]>
              </value>
            </param>
          </params>
          <reporter-output>
          </reporter-output>
        </test-method> <!-- initialiseBrowser -->
        <test-method status="PASS" signature="verifyClickOnSendSMS()[pri:0, instance:com.obsqura.ProjectServiceApp.HomePageTest@13c10b87]" name="verifyClickOnSendSMS" duration-ms="2856" started-at="2023-02-02T15:50:44Z" finished-at="2023-02-02T15:50:46Z">
          <reporter-output>
          </reporter-output>
        </test-method> <!-- verifyClickOnSendSMS -->
        <test-method status="PASS" signature="browserQuit(org.testng.ITestResult)[pri:0, instance:com.obsqura.ProjectServiceApp.HomePageTest@13c10b87]" name="browserQuit" is-config="true" duration-ms="657" started-at="2023-02-02T15:50:46Z" finished-at="2023-02-02T15:50:47Z">
          <params>
            <param index="0">
              <value>
                <![CDATA[[TestResult name=verifyClickOnSendSMS status=SUCCESS method=HomePageTest.verifyClickOnSendSMS()[pri:0, instance:com.obsqura.ProjectServiceApp.HomePageTest@13c10b87] output={null}]]]>
              </value>
            </param>
          </params>
          <reporter-output>
          </reporter-output>
        </test-method> <!-- browserQuit -->
        <test-method status="PASS" signature="initialiseBrowser(java.lang.String)[pri:0, instance:com.obsqura.ProjectServiceApp.HomePageTest@13c10b87]" name="initialiseBrowser" is-config="true" duration-ms="5393" started-at="2023-02-02T15:50:47Z" finished-at="2023-02-02T15:50:52Z">
          <params>
            <param index="0">
              <value>
                <![CDATA[chrome]]>
              </value>
            </param>
          </params>
          <reporter-output>
          </reporter-output>
        </test-method> <!-- initialiseBrowser -->
        <test-method status="PASS" signature="verifyClickOnUserIconSignOut()[pri:0, instance:com.obsqura.ProjectServiceApp.HomePageTest@13c10b87]" name="verifyClickOnUserIconSignOut" duration-ms="3133" started-at="2023-02-02T15:50:52Z" finished-at="2023-02-02T15:50:56Z">
          <reporter-output>
          </reporter-output>
        </test-method> <!-- verifyClickOnUserIconSignOut -->
        <test-method status="PASS" signature="browserQuit(org.testng.ITestResult)[pri:0, instance:com.obsqura.ProjectServiceApp.HomePageTest@13c10b87]" name="browserQuit" is-config="true" duration-ms="664" started-at="2023-02-02T15:50:56Z" finished-at="2023-02-02T15:50:56Z">
          <params>
            <param index="0">
              <value>
                <![CDATA[[TestResult name=verifyClickOnUserIconSignOut status=SUCCESS method=HomePageTest.verifyClickOnUserIconSignOut()[pri:0, instance:com.obsqura.ProjectServiceApp.HomePageTest@13c10b87] output={null}]]]>
              </value>
            </param>
          </params>
          <reporter-output>
          </reporter-output>
        </test-method> <!-- browserQuit -->
        <test-method status="PASS" signature="initialiseBrowser(java.lang.String)[pri:0, instance:com.obsqura.ProjectServiceApp.HomePageTest@13c10b87]" name="initialiseBrowser" is-config="true" duration-ms="5551" started-at="2023-02-02T15:50:56Z" finished-at="2023-02-02T15:51:02Z">
          <params>
            <param index="0">
              <value>
                <![CDATA[chrome]]>
              </value>
            </param>
          </params>
          <reporter-output>
          </reporter-output>
        </test-method> <!-- initialiseBrowser -->
        <test-method status="PASS" signature="verifyClickOnreparationMoreInfo()[pri:0, instance:com.obsqura.ProjectServiceApp.HomePageTest@13c10b87]" name="verifyClickOnreparationMoreInfo" duration-ms="5105" started-at="2023-02-02T15:51:02Z" finished-at="2023-02-02T15:51:07Z">
          <reporter-output>
          </reporter-output>
        </test-method> <!-- verifyClickOnreparationMoreInfo -->
        <test-method status="PASS" signature="browserQuit(org.testng.ITestResult)[pri:0, instance:com.obsqura.ProjectServiceApp.HomePageTest@13c10b87]" name="browserQuit" is-config="true" duration-ms="706" started-at="2023-02-02T15:51:07Z" finished-at="2023-02-02T15:51:08Z">
          <params>
            <param index="0">
              <value>
                <![CDATA[[TestResult name=verifyClickOnreparationMoreInfo status=SUCCESS method=HomePageTest.verifyClickOnreparationMoreInfo()[pri:0, instance:com.obsqura.ProjectServiceApp.HomePageTest@13c10b87] output={null}]]]>
              </value>
            </param>
          </params>
          <reporter-output>
          </reporter-output>
        </test-method> <!-- browserQuit -->
        <test-method status="PASS" signature="initialiseBrowser(java.lang.String)[pri:0, instance:com.obsqura.ProjectServiceApp.HomePageTest@13c10b87]" name="initialiseBrowser" is-config="true" duration-ms="5311" started-at="2023-02-02T15:51:08Z" finished-at="2023-02-02T15:51:13Z">
          <params>
            <param index="0">
              <value>
                <![CDATA[chrome]]>
              </value>
            </param>
          </params>
          <reporter-output>
          </reporter-output>
        </test-method> <!-- initialiseBrowser -->
        <test-method status="PASS" signature="verifyclickOnAddReparation()[pri:0, instance:com.obsqura.ProjectServiceApp.HomePageTest@13c10b87]" name="verifyclickOnAddReparation" duration-ms="3360" started-at="2023-02-02T15:51:13Z" finished-at="2023-02-02T15:51:16Z">
          <reporter-output>
          </reporter-output>
        </test-method> <!-- verifyclickOnAddReparation -->
        <test-method status="PASS" signature="browserQuit(org.testng.ITestResult)[pri:0, instance:com.obsqura.ProjectServiceApp.HomePageTest@13c10b87]" name="browserQuit" is-config="true" duration-ms="658" started-at="2023-02-02T15:51:16Z" finished-at="2023-02-02T15:51:17Z">
          <params>
            <param index="0">
              <value>
                <![CDATA[[TestResult name=verifyclickOnAddReparation status=SUCCESS method=HomePageTest.verifyclickOnAddReparation()[pri:0, instance:com.obsqura.ProjectServiceApp.HomePageTest@13c10b87] output={null}]]]>
              </value>
            </param>
          </params>
          <reporter-output>
          </reporter-output>
        </test-method> <!-- browserQuit -->
        <test-method status="PASS" signature="initialiseBrowser(java.lang.String)[pri:0, instance:com.obsqura.ProjectServiceApp.HomePageTest@13c10b87]" name="initialiseBrowser" is-config="true" duration-ms="5322" started-at="2023-02-02T15:51:17Z" finished-at="2023-02-02T15:51:22Z">
          <params>
            <param index="0">
              <value>
                <![CDATA[chrome]]>
              </value>
            </param>
          </params>
          <reporter-output>
          </reporter-output>
        </test-method> <!-- initialiseBrowser -->
        <test-method status="PASS" signature="verifyclickOnSendEmail()[pri:0, instance:com.obsqura.ProjectServiceApp.HomePageTest@13c10b87]" name="verifyclickOnSendEmail" duration-ms="7559" started-at="2023-02-02T15:51:22Z" finished-at="2023-02-02T15:51:30Z">
          <reporter-output>
          </reporter-output>
        </test-method> <!-- verifyclickOnSendEmail -->
        <test-method status="PASS" signature="browserQuit(org.testng.ITestResult)[pri:0, instance:com.obsqura.ProjectServiceApp.HomePageTest@13c10b87]" name="browserQuit" is-config="true" duration-ms="657" started-at="2023-02-02T15:51:30Z" finished-at="2023-02-02T15:51:31Z">
          <params>
            <param index="0">
              <value>
                <![CDATA[[TestResult name=verifyclickOnSendEmail status=SUCCESS method=HomePageTest.verifyclickOnSendEmail()[pri:0, instance:com.obsqura.ProjectServiceApp.HomePageTest@13c10b87] output={null}]]]>
              </value>
            </param>
          </params>
          <reporter-output>
          </reporter-output>
        </test-method> <!-- browserQuit -->
      </class> <!-- com.obsqura.ProjectServiceApp.HomePageTest -->
      <class name="com.obsqura.ProjectServiceApp.LoginPageTest">
        <test-method status="PASS" signature="initialiseBrowser(java.lang.String)[pri:0, instance:com.obsqura.ProjectServiceApp.LoginPageTest@22635ba0]" name="initialiseBrowser" is-config="true" duration-ms="5724" started-at="2023-02-02T15:49:51Z" finished-at="2023-02-02T15:49:57Z">
          <params>
            <param index="0">
              <value>
                <![CDATA[chrome]]>
              </value>
            </param>
          </params>
          <reporter-output>
          </reporter-output>
        </test-method> <!-- initialiseBrowser -->
        <test-method status="PASS" signature="verifyLoginWithInValidUserNameAndPassword()[pri:0, instance:com.obsqura.ProjectServiceApp.LoginPageTest@22635ba0]" name="verifyLoginWithInValidUserNameAndPassword" duration-ms="1589" started-at="2023-02-02T15:49:57Z" finished-at="2023-02-02T15:49:58Z">
          <reporter-output>
          </reporter-output>
        </test-method> <!-- verifyLoginWithInValidUserNameAndPassword -->
        <test-method status="PASS" signature="browserQuit(org.testng.ITestResult)[pri:0, instance:com.obsqura.ProjectServiceApp.LoginPageTest@22635ba0]" name="browserQuit" is-config="true" duration-ms="666" started-at="2023-02-02T15:49:58Z" finished-at="2023-02-02T15:49:59Z">
          <params>
            <param index="0">
              <value>
                <![CDATA[[TestResult name=verifyLoginWithInValidUserNameAndPassword status=SUCCESS method=LoginPageTest.verifyLoginWithInValidUserNameAndPassword()[pri:0, instance:com.obsqura.ProjectServiceApp.LoginPageTest@22635ba0] output={null}]]]>
              </value>
            </param>
          </params>
          <reporter-output>
          </reporter-output>
        </test-method> <!-- browserQuit -->
        <test-method status="PASS" signature="initialiseBrowser(java.lang.String)[pri:0, instance:com.obsqura.ProjectServiceApp.LoginPageTest@22635ba0]" name="initialiseBrowser" is-config="true" duration-ms="5301" started-at="2023-02-02T15:49:59Z" finished-at="2023-02-02T15:50:04Z">
          <params>
            <param index="0">
              <value>
                <![CDATA[chrome]]>
              </value>
            </param>
          </params>
          <reporter-output>
          </reporter-output>
        </test-method> <!-- initialiseBrowser -->
        <test-method status="PASS" signature="verifyLoginWithValidUserNameAndPassword()[pri:0, instance:com.obsqura.ProjectServiceApp.LoginPageTest@22635ba0]" name="verifyLoginWithValidUserNameAndPassword" duration-ms="2209" started-at="2023-02-02T15:50:04Z" finished-at="2023-02-02T15:50:07Z">
          <reporter-output>
          </reporter-output>
        </test-method> <!-- verifyLoginWithValidUserNameAndPassword -->
        <test-method status="PASS" signature="browserQuit(org.testng.ITestResult)[pri:0, instance:com.obsqura.ProjectServiceApp.LoginPageTest@22635ba0]" name="browserQuit" is-config="true" duration-ms="706" started-at="2023-02-02T15:50:07Z" finished-at="2023-02-02T15:50:07Z">
          <params>
            <param index="0">
              <value>
                <![CDATA[[TestResult name=verifyLoginWithValidUserNameAndPassword status=SUCCESS method=LoginPageTest.verifyLoginWithValidUserNameAndPassword()[pri:0, instance:com.obsqura.ProjectServiceApp.LoginPageTest@22635ba0] output={null}]]]>
              </value>
            </param>
          </params>
          <reporter-output>
          </reporter-output>
        </test-method> <!-- browserQuit -->
      </class> <!-- com.obsqura.ProjectServiceApp.LoginPageTest -->
    </test> <!-- Test -->
  </suite> <!-- Suite -->
</testng-results>
