<?xml version="1.0" encoding="UTF-8"?>
<!-- Generated by org.testng.reporters.JUnitXMLReporter -->
<testsuite hostname="GLENN" ignored="0" name="ParallelTest" tests="4" failures="0" timestamp="2023-02-02T09:10:06 IST" time="26.145" errors="0">
  <testcase name="verifyLoginWithInValidUserNameAndPassword" time="1.622" classname="com.obsqura.ProjectServiceApp.LoginPageTest"/>
  <testcase name="verifyClickOnImage" time="6.606" classname="com.obsqura.ProjectServiceApp.InventoryPageTest"/>
  <testcase name="verifyLoginWithValidUserNameAndPassword" time="3.084" classname="com.obsqura.ProjectServiceApp.LoginPageTest"/>
  <testcase name="verifyClickOnShow" time="5.177" classname="com.obsqura.ProjectServiceApp.InventoryPageTest"/>
</testsuite> <!-- ParallelTest -->
