<?xml version="1.0" encoding="UTF-8"?>
<!-- Generated by org.testng.reporters.JUnitXMLReporter -->
<testsuite hostname="GLENN" name="GroupingTest" tests="8" failures="0" timestamp="1 Feb 2023 14:02:41 GMT" time="95.918" errors="0">
  <testcase name="verifyClickOnClientMoreInfo" time="6.772" classname="com.obsqura.ProjectServiceApp.HomePageTest"/>
  <testcase name="verifyClickOnInventoryProductsMoreInfo" time="5.525" classname="com.obsqura.ProjectServiceApp.HomePageTest"/>
  <testcase name="verifyClickOnPlusIcon" time="3.898" classname="com.obsqura.ProjectServiceApp.HomePageTest"/>
  <testcase name="verifyClickOnSendSMS" time="3.463" classname="com.obsqura.ProjectServiceApp.HomePageTest"/>
  <testcase name="verifyClickOnUserIconSignOut" time="5.621" classname="com.obsqura.ProjectServiceApp.HomePageTest"/>
  <testcase name="verifyClickOnreparationMoreInfo" time="6.143" classname="com.obsqura.ProjectServiceApp.HomePageTest"/>
  <testcase name="verifyclickOnAddReparation" time="4.077" classname="com.obsqura.ProjectServiceApp.HomePageTest"/>
  <testcase name="verifyclickOnSendEmail" time="8.258" classname="com.obsqura.ProjectServiceApp.HomePageTest"/>
</testsuite> <!-- GroupingTest -->
