<?xml version="1.0" encoding="UTF-8"?>
<!-- Generated by org.testng.reporters.JUnitXMLReporter -->
<testsuite hostname="GLENN" name="GroupingTest" tests="2" failures="0" timestamp="6 Feb 2023 07:23:18 GMT" time="19.085" errors="0">
  <testcase name="verifyLoginWithInValidUserNameAndPassword" time="2.854" classname="com.obsqura.ProjectServiceApp.LoginPageTest"/>
  <testcase name="verifyLoginWithValidUserNameAndPassword" time="2.398" classname="com.obsqura.ProjectServiceApp.LoginPageTest"/>
</testsuite> <!-- GroupingTest -->
