<?xml version="1.0" encoding="UTF-8"?>
<!-- Generated by org.testng.reporters.JUnitXMLReporter -->
<testsuite hostname="GLENN" name="ParallelTest" tests="4" failures="0" timestamp="2 Feb 2023 03:37:27 GMT" time="24.994" errors="0">
  <testcase name="verifyLoginWithInValidUserNameAndPassword" time="2.659" classname="com.obsqura.ProjectServiceApp.LoginPageTest"/>
  <testcase name="verifyClickOnImage" time="6.237" classname="com.obsqura.ProjectServiceApp.InventoryPageTest"/>
  <testcase name="verifyLoginWithValidUserNameAndPassword" time="2.351" classname="com.obsqura.ProjectServiceApp.LoginPageTest"/>
  <testcase name="verifyClickOnShow" time="3.947" classname="com.obsqura.ProjectServiceApp.InventoryPageTest"/>
</testsuite> <!-- ParallelTest -->
