<?xml version="1.0" encoding="UTF-8"?>
<!-- Generated by org.testng.reporters.JUnitXMLReporter -->
<testsuite hostname="GLENN" name="Test" tests="31" failures="0" timestamp="2 Feb 2023 10:24:11 GMT" time="367.059" errors="0">
  <testcase name="verifyClickOnNextButtonByScrollingDown" time="8.278" classname="com.obsqura.ProjectServiceApp.OrderAndReparationsPagesTest"/>
  <testcase name="verifyClickOnExcelButton" time="5.837" classname="com.obsqura.ProjectServiceApp.OrderAndReparationsPagesTest"/>
  <testcase name="verifyClickOnCompletedRepairsTab" time="5.451" classname="com.obsqura.ProjectServiceApp.OrderAndReparationsPagesTest"/>
  <testcase name="verifyClickOnPdfButton" time="8.029" classname="com.obsqura.ProjectServiceApp.OrderAndReparationsPagesTest"/>
  <testcase name="verifyClickOnAddReparationButton" time="5.691" classname="com.obsqura.ProjectServiceApp.OrderAndReparationsPagesTest"/>
  <testcase name="verifyClickOnAddReparationWindowCloseButton" time="5.643" classname="com.obsqura.ProjectServiceApp.OrderAndReparationsPagesTest"/>
  <testcase name="verifyClickOnFilterIcon" time="5.195" classname="com.obsqura.ProjectServiceApp.OrderAndReparationsPagesTest"/>
  <testcase name="verifyEnterDetailsInFilter" time="8.356" classname="com.obsqura.ProjectServiceApp.OrderAndReparationsPagesTest"/>
  <testcase name="verifyLoginWithInValidUserNameAndPassword" time="1.589" classname="com.obsqura.ProjectServiceApp.LoginPageTest"/>
  <testcase name="verifyLoginWithValidUserNameAndPassword" time="2.209" classname="com.obsqura.ProjectServiceApp.LoginPageTest"/>
  <testcase name="verifyClickOnClientMoreInfo" time="4.541" classname="com.obsqura.ProjectServiceApp.HomePageTest"/>
  <testcase name="verifyClickOnInventoryProductsMoreInfo" time="3.616" classname="com.obsqura.ProjectServiceApp.HomePageTest"/>
  <testcase name="verifyClickOnPlusIcon" time="2.536" classname="com.obsqura.ProjectServiceApp.HomePageTest"/>
  <testcase name="verifyClickOnSendSMS" time="2.856" classname="com.obsqura.ProjectServiceApp.HomePageTest"/>
  <testcase name="verifyClickOnUserIconSignOut" time="3.133" classname="com.obsqura.ProjectServiceApp.HomePageTest"/>
  <testcase name="verifyClickOnreparationMoreInfo" time="5.105" classname="com.obsqura.ProjectServiceApp.HomePageTest"/>
  <testcase name="verifyclickOnAddReparation" time="3.36" classname="com.obsqura.ProjectServiceApp.HomePageTest"/>
  <testcase name="verifyclickOnSendEmail" time="7.559" classname="com.obsqura.ProjectServiceApp.HomePageTest"/>
  <testcase name="VerifyClickOnEditClientOptionFromDropdown" time="5.775" classname="com.obsqura.ProjectServiceApp.CustomersPageTest"/>
  <testcase name="verifyClickOnActionButtonCustomerPage" time="5.449" classname="com.obsqura.ProjectServiceApp.CustomersPageTest"/>
  <testcase name="verifyClickOnAddClientButton" time="7.303" classname="com.obsqura.ProjectServiceApp.CustomersPageTest"/>
  <testcase name="verifyClickOnConfirmButtonInDelete" time="6.197" classname="com.obsqura.ProjectServiceApp.CustomersPageTest"/>
  <testcase name="verifyClickOnDeleteClientOptionFromDropdown" time="5.684" classname="com.obsqura.ProjectServiceApp.CustomersPageTest"/>
  <testcase name="verifyClickOnGoBackButtonAddClientWindow" time="5.456" classname="com.obsqura.ProjectServiceApp.CustomersPageTest"/>
  <testcase name="verifyClickOnViewClientOptionFromDropdown" time="5.313" classname="com.obsqura.ProjectServiceApp.CustomersPageTest"/>
  <testcase name="verifyEditClientData" time="6.842" classname="com.obsqura.ProjectServiceApp.CustomersPageTest"/>
  <testcase name="verifyEnterDataInSearchField" time="5.162" classname="com.obsqura.ProjectServiceApp.CustomersPageTest"/>
  <testcase name="verifyEnterDetailsOnAddClientWindow" time="8.687" classname="com.obsqura.ProjectServiceApp.CustomersPageTest"/>
  <testcase name="verifyclickOnActionButtonInTable" time="5.538" classname="com.obsqura.ProjectServiceApp.CustomersPageTest"/>
  <testcase name="verifyClickOnShow" time="3.681" classname="com.obsqura.ProjectServiceApp.InventoryPageTest"/>
  <testcase name="verifyClickOnImage" time="7.633" classname="com.obsqura.ProjectServiceApp.InventoryPageTest"/>
</testsuite> <!-- Test -->
