<?xml version="1.0" encoding="UTF-8"?>
<!-- Generated by org.testng.reporters.JUnitXMLReporter -->
<testsuite hostname="GLENN" name="Test" tests="2" failures="0" timestamp="7 Feb 2023 05:49:17 GMT" time="20.754" errors="0">
  <testcase name="verifyLoginWithInValidUserNameAndPassword" time="2.955" classname="com.obsqura.ProjectServiceApp.LoginPageTest"/>
  <testcase name="verifyLoginWithValidUserNameAndPassword" time="3.369" classname="com.obsqura.ProjectServiceApp.LoginPageTest"/>
</testsuite> <!-- Test -->
