<?xml version="1.0" encoding="UTF-8"?>
<testng-results skipped="0" failed="0" ignored="0" total="4" passed="4">
  <reporter-output>
  </reporter-output>
  <suite name="Suite" duration-ms="26145" started-at="2023-02-02T09:09:39 IST" finished-at="2023-02-02T09:10:06 IST">
    <groups>
    </groups>
    <test name="ParallelTest" duration-ms="26145" started-at="2023-02-02T09:09:39 IST" finished-at="2023-02-02T09:10:06 IST">
      <class name="com.obsqura.ProjectServiceApp.InventoryPageTest">
        <test-method status="PASS" signature="initialiseBrowser(java.lang.String)[pri:0, instance:com.obsqura.ProjectServiceApp.InventoryPageTest@72a7c7e0]" name="initialiseBrowser" is-config="true" duration-ms="7517" started-at="2023-02-02T09:09:39 IST" finished-at="2023-02-02T09:09:47 IST">
          <params>
            <param index="0">
              <value>
                <![CDATA[chrome]]>
              </value>
            </param>
          </params>
          <reporter-output>
          </reporter-output>
        </test-method> <!-- initialiseBrowser -->
        <test-method status="PASS" signature="verifyClickOnImage()[pri:0, instance:com.obsqura.ProjectServiceApp.InventoryPageTest@72a7c7e0]" name="verifyClickOnImage" duration-ms="6606" started-at="2023-02-02T09:09:47 IST" finished-at="2023-02-02T09:09:54 IST">
          <reporter-output>
          </reporter-output>
        </test-method> <!-- verifyClickOnImage -->
        <test-method status="PASS" signature="browserQuit(org.testng.ITestResult)[pri:0, instance:com.obsqura.ProjectServiceApp.InventoryPageTest@72a7c7e0]" name="browserQuit" is-config="true" duration-ms="677" started-at="2023-02-02T09:09:54 IST" finished-at="2023-02-02T09:09:54 IST">
          <params>
            <param index="0">
              <value>
                <![CDATA[[TestResult name=verifyClickOnImage status=SUCCESS method=InventoryPageTest.verifyClickOnImage()[pri:0, instance:com.obsqura.ProjectServiceApp.InventoryPageTest@72a7c7e0] output={null}]]]>
              </value>
            </param>
          </params>
          <reporter-output>
          </reporter-output>
        </test-method> <!-- browserQuit -->
        <test-method status="PASS" signature="initialiseBrowser(java.lang.String)[pri:0, instance:com.obsqura.ProjectServiceApp.InventoryPageTest@72a7c7e0]" name="initialiseBrowser" is-config="true" duration-ms="5417" started-at="2023-02-02T09:09:54 IST" finished-at="2023-02-02T09:10:00 IST">
          <params>
            <param index="0">
              <value>
                <![CDATA[chrome]]>
              </value>
            </param>
          </params>
          <reporter-output>
          </reporter-output>
        </test-method> <!-- initialiseBrowser -->
        <test-method status="PASS" signature="verifyClickOnShow()[pri:0, instance:com.obsqura.ProjectServiceApp.InventoryPageTest@72a7c7e0]" name="verifyClickOnShow" duration-ms="5177" started-at="2023-02-02T09:10:00 IST" finished-at="2023-02-02T09:10:05 IST">
          <reporter-output>
          </reporter-output>
        </test-method> <!-- verifyClickOnShow -->
        <test-method status="PASS" signature="browserQuit(org.testng.ITestResult)[pri:0, instance:com.obsqura.ProjectServiceApp.InventoryPageTest@72a7c7e0]" name="browserQuit" is-config="true" duration-ms="718" started-at="2023-02-02T09:10:05 IST" finished-at="2023-02-02T09:10:06 IST">
          <params>
            <param index="0">
              <value>
                <![CDATA[[TestResult name=verifyClickOnShow status=SUCCESS method=InventoryPageTest.verifyClickOnShow()[pri:0, instance:com.obsqura.ProjectServiceApp.InventoryPageTest@72a7c7e0] output={null}]]]>
              </value>
            </param>
          </params>
          <reporter-output>
          </reporter-output>
        </test-method> <!-- browserQuit -->
      </class> <!-- com.obsqura.ProjectServiceApp.InventoryPageTest -->
      <class name="com.obsqura.ProjectServiceApp.LoginPageTest">
        <test-method status="PASS" signature="initialiseBrowser(java.lang.String)[pri:0, instance:com.obsqura.ProjectServiceApp.LoginPageTest@6af93788]" name="initialiseBrowser" is-config="true" duration-ms="8535" started-at="2023-02-02T09:09:39 IST" finished-at="2023-02-02T09:09:48 IST">
          <params>
            <param index="0">
              <value>
                <![CDATA[chrome]]>
              </value>
            </param>
          </params>
          <reporter-output>
          </reporter-output>
        </test-method> <!-- initialiseBrowser -->
        <test-method status="PASS" signature="verifyLoginWithInValidUserNameAndPassword()[pri:0, instance:com.obsqura.ProjectServiceApp.LoginPageTest@6af93788]" name="verifyLoginWithInValidUserNameAndPassword" duration-ms="1622" started-at="2023-02-02T09:09:48 IST" finished-at="2023-02-02T09:09:50 IST">
          <reporter-output>
          </reporter-output>
        </test-method> <!-- verifyLoginWithInValidUserNameAndPassword -->
        <test-method status="PASS" signature="browserQuit(org.testng.ITestResult)[pri:0, instance:com.obsqura.ProjectServiceApp.LoginPageTest@6af93788]" name="browserQuit" is-config="true" duration-ms="735" started-at="2023-02-02T09:09:50 IST" finished-at="2023-02-02T09:09:50 IST">
          <params>
            <param index="0">
              <value>
                <![CDATA[[TestResult name=verifyLoginWithInValidUserNameAndPassword status=SUCCESS method=LoginPageTest.verifyLoginWithInValidUserNameAndPassword()[pri:0, instance:com.obsqura.ProjectServiceApp.LoginPageTest@6af93788] output={null}]]]>
              </value>
            </param>
          </params>
          <reporter-output>
          </reporter-output>
        </test-method> <!-- browserQuit -->
        <test-method status="PASS" signature="initialiseBrowser(java.lang.String)[pri:0, instance:com.obsqura.ProjectServiceApp.LoginPageTest@6af93788]" name="initialiseBrowser" is-config="true" duration-ms="5707" started-at="2023-02-02T09:09:50 IST" finished-at="2023-02-02T09:09:56 IST">
          <params>
            <param index="0">
              <value>
                <![CDATA[chrome]]>
              </value>
            </param>
          </params>
          <reporter-output>
          </reporter-output>
        </test-method> <!-- initialiseBrowser -->
        <test-method status="PASS" signature="verifyLoginWithValidUserNameAndPassword()[pri:0, instance:com.obsqura.ProjectServiceApp.LoginPageTest@6af93788]" name="verifyLoginWithValidUserNameAndPassword" duration-ms="3084" started-at="2023-02-02T09:09:56 IST" finished-at="2023-02-02T09:09:59 IST">
          <reporter-output>
          </reporter-output>
        </test-method> <!-- verifyLoginWithValidUserNameAndPassword -->
        <test-method status="PASS" signature="browserQuit(org.testng.ITestResult)[pri:0, instance:com.obsqura.ProjectServiceApp.LoginPageTest@6af93788]" name="browserQuit" is-config="true" duration-ms="753" started-at="2023-02-02T09:09:59 IST" finished-at="2023-02-02T09:10:00 IST">
          <params>
            <param index="0">
              <value>
                <![CDATA[[TestResult name=verifyLoginWithValidUserNameAndPassword status=SUCCESS method=LoginPageTest.verifyLoginWithValidUserNameAndPassword()[pri:0, instance:com.obsqura.ProjectServiceApp.LoginPageTest@6af93788] output={null}]]]>
              </value>
            </param>
          </params>
          <reporter-output>
          </reporter-output>
        </test-method> <!-- browserQuit -->
      </class> <!-- com.obsqura.ProjectServiceApp.LoginPageTest -->
    </test> <!-- ParallelTest -->
  </suite> <!-- Suite -->
</testng-results>
